Determining if the pthread_create exist failed with the following output:
Change Dir: /home/ubuntu/catkin_ws/src/master_multirobot/master_msg/cmake-build-debug/CMakeFiles/CMakeTmp

Run Build Command(s):/usr/bin/make cmTC_3b762/fast 
/usr/bin/make -f CMakeFiles/cmTC_3b762.dir/build.make CMakeFiles/cmTC_3b762.dir/build
make[1]: Entering directory '/home/ubuntu/catkin_ws/src/master_multirobot/master_msg/cmake-build-debug/CMakeFiles/CMakeTmp'
Building C object CMakeFiles/cmTC_3b762.dir/CheckSymbolExists.c.o
/usr/bin/cc    -o CMakeFiles/cmTC_3b762.dir/CheckSymbolExists.c.o   -c /home/ubuntu/catkin_ws/src/master_multirobot/master_msg/cmake-build-debug/CMakeFiles/CMakeTmp/CheckSymbolExists.c
Linking C executable cmTC_3b762
/home/ubuntu/clion-2019.1.4/bin/cmake/linux/bin/cmake -E cmake_link_script CMakeFiles/cmTC_3b762.dir/link.txt --verbose=1
/usr/bin/cc      -rdynamic CMakeFiles/cmTC_3b762.dir/CheckSymbolExists.c.o  -o cmTC_3b762 
CMakeFiles/cmTC_3b762.dir/CheckSymbolExists.c.o: In function `main':
CheckSymbolExists.c:(.text+0x16): undefined reference to `pthread_create'
collect2: error: ld returned 1 exit status
CMakeFiles/cmTC_3b762.dir/build.make:86: recipe for target 'cmTC_3b762' failed
make[1]: *** [cmTC_3b762] Error 1
make[1]: Leaving directory '/home/ubuntu/catkin_ws/src/master_multirobot/master_msg/cmake-build-debug/CMakeFiles/CMakeTmp'
Makefile:121: recipe for target 'cmTC_3b762/fast' failed
make: *** [cmTC_3b762/fast] Error 2

File /home/ubuntu/catkin_ws/src/master_multirobot/master_msg/cmake-build-debug/CMakeFiles/CMakeTmp/CheckSymbolExists.c:
/* */
#include <pthread.h>

int main(int argc, char** argv)
{
  (void)argv;
#ifndef pthread_create
  return ((int*)(&pthread_create))[argc];
#else
  (void)argc;
  return 0;
#endif
}

Determining if the function pthread_create exists in the pthreads failed with the following output:
Change Dir: /home/ubuntu/catkin_ws/src/master_multirobot/master_msg/cmake-build-debug/CMakeFiles/CMakeTmp

Run Build Command(s):/usr/bin/make cmTC_ad2f4/fast 
/usr/bin/make -f CMakeFiles/cmTC_ad2f4.dir/build.make CMakeFiles/cmTC_ad2f4.dir/build
make[1]: Entering directory '/home/ubuntu/catkin_ws/src/master_multirobot/master_msg/cmake-build-debug/CMakeFiles/CMakeTmp'
Building C object CMakeFiles/cmTC_ad2f4.dir/CheckFunctionExists.c.o
/usr/bin/cc   -DCHECK_FUNCTION_EXISTS=pthread_create   -o CMakeFiles/cmTC_ad2f4.dir/CheckFunctionExists.c.o   -c /home/ubuntu/clion-2019.1.4/bin/cmake/linux/share/cmake-3.14/Modules/CheckFunctionExists.c
Linking C executable cmTC_ad2f4
/home/ubuntu/clion-2019.1.4/bin/cmake/linux/bin/cmake -E cmake_link_script CMakeFiles/cmTC_ad2f4.dir/link.txt --verbose=1
/usr/bin/cc  -DCHECK_FUNCTION_EXISTS=pthread_create    -rdynamic CMakeFiles/cmTC_ad2f4.dir/CheckFunctionExists.c.o  -o cmTC_ad2f4 -lpthreads 
/usr/bin/ld: cannot find -lpthreads
collect2: error: ld returned 1 exit status
CMakeFiles/cmTC_ad2f4.dir/build.make:86: recipe for target 'cmTC_ad2f4' failed
make[1]: *** [cmTC_ad2f4] Error 1
make[1]: Leaving directory '/home/ubuntu/catkin_ws/src/master_multirobot/master_msg/cmake-build-debug/CMakeFiles/CMakeTmp'
Makefile:121: recipe for target 'cmTC_ad2f4/fast' failed
make: *** [cmTC_ad2f4/fast] Error 2


